<?xml version="1.0" encoding="UTF-8"?>
<!-- Generated by org.testng.reporters.JUnitReportReporter -->
<testsuite hostname="sanket-PC" name="com.healthybasket.testcases.TC_login" tests="1" failures="0" timestamp="13 Jul 2022 19:09:57 GMT" time="48.026" errors="0">
  <testcase name="testcase1" time="48.026" classname="com.healthybasket.testcases.TC_login"/>
</testsuite> <!-- com.healthybasket.testcases.TC_login -->
